<?xml version="1.0" encoding="UTF-8"?>
<!-- Generated by org.testng.reporters.JUnitReportReporter -->
<testsuite hostname="DESKTOP-GMUQ901" failures="0" tests="1" name="inheritence.Childclass" time="90.947" errors="0" timestamp="2019-11-03T16:32:00 IST" skipped="0">
  <testcase classname="inheritence.Childclass" name="verification" time="90.947"/>
</testsuite> <!-- inheritence.Childclass -->
