<?xml version="1.0" encoding="UTF-8"?>
<!-- Generated by org.testng.reporters.JUnitReportReporter -->
<testsuite hostname="DESKTOP-GMUQ901" failures="0" tests="9" name="practice.Testng" time="62.341" errors="0" timestamp="2019-11-03T12:44:33 IST" skipped="0">
  <testcase classname="practice.Testng" name="setup" time="6.719"/>
  <testcase classname="practice.Testng" name="url" time="5.529"/>
  <testcase classname="practice.Testng" name="credentials" time="7.580"/>
  <testcase classname="practice.Testng" name="gettitle" time="18.321"/>
  <testcase classname="practice.Testng" name="searchmail" time="5.820"/>
  <testcase classname="practice.Testng" name="collectalthedata" time="8.039"/>
  <testcase classname="practice.Testng" name="unreadmessages" time="5.707"/>
  <testcase classname="practice.Testng" name="logout" time="2.924"/>
  <testcase classname="practice.Testng" name="teardown" time="1.702"/>
</testsuite> <!-- practice.Testng -->
