<?xml version="1.0" encoding="UTF-8"?>
<!-- Generated by org.testng.reporters.JUnitReportReporter -->
<testsuite hostname="DESKTOP-GMUQ901" failures="0" tests="1" name="practice.Xmlfile" time="30.350" errors="0" timestamp="2019-11-03T16:38:14 IST" skipped="0">
  <testcase classname="practice.Xmlfile" name="login" time="30.350"/>
</testsuite> <!-- practice.Xmlfile -->
