<?xml version="1.0" encoding="UTF-8"?>
<!-- Generated by org.testng.reporters.JUnitReportReporter -->
<testsuite hostname="DESKTOP-GMUQ901" failures="0" tests="1" name="practice.Propertyfile" time="0.019" errors="0" timestamp="2019-11-02T17:59:51 IST" skipped="0">
  <testcase classname="practice.Propertyfile" name="property" time="0.019"/>
</testsuite> <!-- practice.Propertyfile -->
